<?xml version="1.0" encoding="UTF-8"?>
<!-- Generated by org.testng.reporters.JUnitReportReporter -->
<testsuite hostname="DESKTOP-2GC0944" failures="0" tests="1" name="com.cicd.sample" time="0.009" errors="0" timestamp="2025-07-03T00:32:36 IST" skipped="0">
  <testcase classname="com.cicd.sample" name="sampletest" time="0.009"/>
</testsuite> <!-- com.cicd.sample -->
